<?xml version="1.0" encoding="UTF-8"?>
<!-- Generated by org.testng.reporters.JUnitXMLReporter -->
<testsuite ignored="0" hostname="LAPTOP-54F2F2NL" failures="0" tests="2" name="OpenCartHomePage Test" time="6.65" errors="0" timestamp="2022-07-30T13:55:51 IST">
  <testcase classname="testngpractise.OpenCartHomePageTest" name="homePageTest" time="0.279"/>
  <testcase classname="testngpractise.OpenCartHomePageTest" name="searchFeatureTest" time="0.942"/>
</testsuite> <!-- OpenCartHomePage Test -->
