<?xml version="1.0" encoding="UTF-8"?>
<!-- Generated by org.testng.reporters.JUnitXMLReporter -->
<testsuite ignored="0" hostname="LAPTOP-54F2F2NL" failures="0" tests="3" name="Open cart Test" time="19.43" errors="0" timestamp="2022-07-31T09:51:26 IST">
  <testcase classname="mytests.OpenCartTest" name="logoTest" time="0.107"/>
  <testcase classname="mytests.OpenCartTest" name="loginNegativeTest" time="10.892"/>
  <testcase classname="mytests.OpenCartTest" name="forgotPwdLinkExistTest" time="0.048"/>
</testsuite> <!-- Open cart Test -->
